This is pdfTeX, Version 3.1415926-1.40.10 (MiKTeX 2.8) (preloaded format=pdflatex 2010.9.18)  24 JUL 2011 23:25
entering extended mode
**document.tex
(D:\Orc\Projekte\expose\document.tex
LaTeX2e <2009/09/24>
Babel <v3.8l> and hyphenation patterns for english, dumylang, nohyphenation, ge
rman, ngerman, german-x-2009-06-19, ngerman-x-2009-06-19, french, loaded.
("C:\Programme\MiKTeX 2.8\tex\latex\base\report.cls"
Document Class: report 2007/10/19 v1.4h Standard LaTeX document class
("C:\Programme\MiKTeX 2.8\tex\latex\base\size12.clo"
File: size12.clo 2007/10/19 v1.4h Standard LaTeX file (size option)
)
\c@part=\count79
\c@chapter=\count80
\c@section=\count81
\c@subsection=\count82
\c@subsubsection=\count83
\c@paragraph=\count84
\c@subparagraph=\count85
\c@figure=\count86
\c@table=\count87
\abovecaptionskip=\skip41
\belowcaptionskip=\skip42
\bibindent=\dimen102
)
("C:\Programme\MiKTeX 2.8\tex\generic\babel\babel.sty"
Package: babel 2008/07/06 v3.8l The Babel package

*************************************
* Local config file bblopts.cfg used
*
("C:\Programme\MiKTeX 2.8\tex\latex\00miktex\bblopts.cfg"
File: bblopts.cfg 2006/07/31 v1.0 MiKTeX 'babel' configuration
)
("C:\Programme\MiKTeX 2.8\tex\generic\babel\germanb.ldf"
Language: germanb 2008/06/01 v2.6m German support from the babel system

("C:\Programme\MiKTeX 2.8\tex\generic\babel\babel.def"
File: babel.def 2008/07/06 v3.8l Babel common definitions
\babel@savecnt=\count88
\U@D=\dimen103
)
\l@austrian = a dialect from \language\l@german 
Package babel Info: Making " an active character on input line 102.
)
("C:\Programme\MiKTeX 2.8\tex\generic\babel\ngermanb.ldf"
Language: ngermanb 2008/07/06 v2.6n new German support from the babel system
\l@naustrian = a dialect from \language\l@ngerman 
))
("C:\Programme\MiKTeX 2.8\tex\latex\base\inputenc.sty"
Package: inputenc 2008/03/30 v1.1d Input encoding file
\inpenc@prehook=\toks14
\inpenc@posthook=\toks15

("C:\Programme\MiKTeX 2.8\tex\latex\base\latin1.def"
File: latin1.def 2008/03/30 v1.1d Input encoding file
))
("C:\Programme\MiKTeX 2.8\tex\latex\footmisc\footmisc.sty"
Package: footmisc 2009/09/15 v5.5a a miscellany of footnote facilities
\FN@temptoken=\toks16
\footnotemargin=\dimen104
\c@pp@next@reset=\count89
Package footmisc Info: Declaring symbol style bringhurst on input line 855.
Package footmisc Info: Declaring symbol style chicago on input line 863.
Package footmisc Info: Declaring symbol style wiley on input line 872.
Package footmisc Info: Declaring symbol style lamport-robust on input line 883.

Package footmisc Info: Declaring symbol style lamport* on input line 903.
Package footmisc Info: Declaring symbol style lamport*-robust on input line 924
.
)
("C:\Programme\MiKTeX 2.8\tex\latex\ltxmisc\parskip.sty"
Package: parskip 2001/04/09 non-zero parskip adjustments
)
("C:\Programme\MiKTeX 2.8\tex\latex\setspace\setspace.sty"
Package: setspace 2000/12/01 6.7 Contributed and Supported LaTeX2e package

Package: `setspace' 6.7 <2000/12/01>
)

LaTeX Warning: Unused global option(s):
    [headsepline,footsepline].

(D:\Orc\Projekte\expose\document.aux)
LaTeX Font Info:    Checking defaults for OML/cmm/m/it on input line 19.
LaTeX Font Info:    ... okay on input line 19.
LaTeX Font Info:    Checking defaults for T1/cmr/m/n on input line 19.
LaTeX Font Info:    ... okay on input line 19.
LaTeX Font Info:    Checking defaults for OT1/cmr/m/n on input line 19.
LaTeX Font Info:    ... okay on input line 19.
LaTeX Font Info:    Checking defaults for OMS/cmsy/m/n on input line 19.
LaTeX Font Info:    ... okay on input line 19.
LaTeX Font Info:    Checking defaults for OMX/cmex/m/n on input line 19.
LaTeX Font Info:    ... okay on input line 19.
LaTeX Font Info:    Checking defaults for U/cmr/m/n on input line 19.
LaTeX Font Info:    ... okay on input line 19.
 (D:\Orc\Projekte\expose\document.toc
LaTeX Font Info:    External font `cmex10' loaded for size
(Font)              <12> on input line 3.
LaTeX Font Info:    External font `cmex10' loaded for size
(Font)              <8> on input line 3.
LaTeX Font Info:    External font `cmex10' loaded for size
(Font)              <6> on input line 3.
)
\tf@toc=\write3

[1


{C:/Dokumente und Einstellungen/All Users/Anwendungsdaten/MiKTeX/2.8/pdftex/con
fig/pdftex.map}] [2

]
LaTeX Font Info:    Try loading font information for OMS+cmr on input line 62.
 ("C:\Programme\MiKTeX 2.8\tex\latex\base\omscmr.fd"
File: omscmr.fd 1999/05/25 v2.5h Standard LaTeX font definitions
)
LaTeX Font Info:    Font shape `OMS/cmr/m/n' in size <12> not available
(Font)              Font shape `OMS/cmsy/m/n' tried instead on input line 62.
LaTeX Font Info:    External font `cmex10' loaded for size
(Font)              <7> on input line 85.
LaTeX Font Info:    External font `cmex10' loaded for size
(Font)              <5> on input line 85.

[3]
Underfull \hbox (badness 10000) in paragraph at lines 122--122
[][]\OT1/cmr/m/n/10 http://www.augsburger-allgemeine.de/politik/Leopard-Geschae
ft-mit-Saudi-Arabien-wirbelt-
 []


Underfull \hbox (badness 3895) in paragraph at lines 119--125
[][]\OT1/cmr/m/n/12 Problemstellung: []Ublicherweise ver-zich-ten po-li-ti-sche
 Ak-teu-re dar-auf, die
 []

[4]
Underfull \hbox (badness 10000) in paragraph at lines 157--157
[][]\OT1/cmr/m/n/10 http://www.sueddeutsche.de/digital/anti-nazi-proteste-in-dr
esden-polizei-spaehte-tausende-
 []


Underfull \hbox (badness 1681) in paragraph at lines 160--163
[][]\OT1/cmr/bx/n/12 Versammlungsfreiheit \OT1/cmr/m/n/12 be-schreibt das Recht
 und die M[]oglichkeiten der
 []


Underfull \hbox (badness 10000) in paragraph at lines 168--168
[][]\OT1/cmr/m/n/10 http://derstandard.at/1310511648954/Demo-gegen-Ball-Nach-Pr
otest-gegen-rechten-Ball-Rote-
 []

[5] [6] [7]
Underfull \hbox (badness 4132) in paragraph at lines 264--266
[][]\OT1/cmr/m/n/12 Wie k[]onnen vir-tu-ell De-mons-trie-ren-de vor un-ge-recht
-fer-tig-ten Sank-tio-nen
 []

[8]
Underfull \hbox (badness 10000) in paragraph at lines 281--286
\OT1/cmr/m/n/12 die sonst auf-grund un-de-mo-kra-ti-scher Umst[]ande kei-ne nen
-nens-wer-te
 []

[9] [10] [11] (D:\Orc\Projekte\expose\document.aux) ) 
Here is how much of TeX's memory you used:
 878 strings out of 495285
 11504 string characters out of 3180612
 64129 words of memory out of 3000000
 4112 multiletter control sequences out of 15000+200000
 8242 words of font info for 29 fonts, out of 3000000 for 9000
 14 hyphenation exceptions out of 8191
 25i,8n,24p,258b,196s stack positions out of 5000i,500n,10000p,200000b,50000s
<C:/Programme/MiKTeX 2.8/f
onts/type1/public/amsfonts/cm/cmbx12.pfb><C:/Programme/MiKTeX 2.8/fonts/type1/p
ublic/amsfonts/cm/cmr10.pfb><C:/Programme/MiKTeX 2.8/fonts/type1/public/amsfont
s/cm/cmr12.pfb><C:/Programme/MiKTeX 2.8/fonts/type1/public/amsfonts/cm/cmr7.pfb
><C:/Programme/MiKTeX 2.8/fonts/type1/public/amsfonts/cm/cmr8.pfb><C:/Programme
/MiKTeX 2.8/fonts/type1/public/amsfonts/cm/cmsy10.pfb><C:/Programme/MiKTeX 2.8/
fonts/type1/public/amsfonts/cm/cmti12.pfb>
Output written on document.pdf (11 pages, 121013 bytes).
PDF statistics:
 66 PDF objects out of 1000 (max. 8388607)
 0 named destinations out of 1000 (max. 500000)
 1 words of extra memory for PDF output out of 10000 (max. 10000000)

